My working directory is /users/fjbh500/scratch/fastphononics/NPM/ben
Running job on host:
	node146.pri.viking.alces.network at Tue 21 Apr 14:04:16 BST 2020
40 CPU cores available

       Step     Time          Energy         fmax
*Force-consistent energies used in optimization.
LBFGS:    0 14:05:20   -15601.822720*       0.1253
LBFGS:    1 14:05:20   -15601.825079*       0.1181
LBFGS:    2 14:05:21   -15601.830702*       0.0994
LBFGS:    3 14:05:22   -15601.844997*       0.1221
LBFGS:    4 14:05:23   -15601.847864*       0.1105
LBFGS:    5 14:05:24   -15601.829576*       0.1815
LBFGS:    6 14:05:24   -15601.841595*       0.1063
LBFGS:    7 14:05:25   -15601.848032*       0.1164
LBFGS:    8 14:05:26   -15601.855503*       0.0792
LBFGS:    9 14:05:27   -15601.827560*       0.2015
LBFGS:   10 14:05:27   -15601.842539*       0.1192
LBFGS:   11 14:05:28   -15601.846284*       0.1254
LBFGS:   12 14:05:29   -15601.856009*       0.0795
LBFGS:   13 14:05:30   -15601.826820*       0.2060
LBFGS:   14 14:05:30   -15601.844108*       0.1172
LBFGS:   15 14:05:31   -15601.844329*       0.1317
LBFGS:   16 14:05:32   -15601.855708*       0.0830
LBFGS:   17 14:05:33   -15601.826166*       0.2082
LBFGS:   18 14:05:33   -15601.845342*       0.1144
LBFGS:   19 14:05:34   -15601.842634*       0.1384
LBFGS:   20 14:05:35   -15601.855435*       0.0854
LBFGS:   21 14:05:36   -15601.825975*       0.2079
LBFGS:   22 14:05:37   -15601.846267*       0.1122
LBFGS:   23 14:05:37   -15601.841277*       0.1470
LBFGS:   24 14:05:38   -15601.855289*       0.0880
LBFGS:   25 14:05:39   -15601.826234*       0.2060
LBFGS:   26 14:05:40   -15601.847016*       0.1104
LBFGS:   27 14:05:40   -15601.840248*       0.1534
LBFGS:   28 14:05:41   -15601.855251*       0.0911
LBFGS:   29 14:05:42   -15601.826815*       0.2030
LBFGS:   30 14:05:43   -15601.847671*       0.1088
LBFGS:   31 14:05:43   -15601.839509*       0.1583
LBFGS:   32 14:05:44   -15601.855296*       0.0932
LBFGS:   33 14:05:45   -15601.827597*       0.1996
LBFGS:   34 14:05:46   -15601.848275*       0.1073
LBFGS:   35 14:05:46   -15601.839021*       0.1620
LBFGS:   36 14:05:47   -15601.855403*       0.0946
LBFGS:   37 14:05:48   -15601.828494*       0.1960
LBFGS:   38 14:05:49   -15601.848848*       0.1059
LBFGS:   39 14:05:49   -15601.838747*       0.1647
LBFGS:   40 14:05:50   -15601.855559*       0.0956
LBFGS:   41 14:05:51   -15601.829452*       0.1925
LBFGS:   42 14:05:52   -15601.849399*       0.1045
LBFGS:   43 14:05:52   -15601.838655*       0.1666
LBFGS:   44 14:05:53   -15601.855754*       0.0963
LBFGS:   45 14:05:54   -15601.830439*       0.1891
LBFGS:   46 14:05:55   -15601.849936*       0.1033
LBFGS:   47 14:05:56   -15601.838717*       0.1679
LBFGS:   48 14:05:56   -15601.855983*       0.0966
LBFGS:   49 14:05:57   -15601.831437*       0.1859
LBFGS:   50 14:05:58   -15601.850462*       0.1021
LBFGS:   51 14:05:59   -15601.838913*       0.1687
LBFGS:   52 14:05:59   -15601.856241*       0.0968
LBFGS:   53 14:06:00   -15601.832439*       0.1829
LBFGS:   54 14:06:01   -15601.850984*       0.1009
LBFGS:   55 14:06:02   -15601.839226*       0.1691
LBFGS:   56 14:06:02   -15601.856530*       0.0968
LBFGS:   57 14:06:03   -15601.833445*       0.1801
LBFGS:   58 14:06:04   -15601.851508*       0.0998
LBFGS:   59 14:06:05   -15601.839648*       0.1691
LBFGS:   60 14:06:05   -15601.856853*       0.0966
LBFGS:   61 14:06:06   -15601.834464*       0.1774
LBFGS:   62 14:06:07   -15601.852047*       0.0988
LBFGS:   63 14:06:08   -15601.840182*       0.1689
LBFGS:   64 14:06:08   -15601.857225*       0.0963
LBFGS:   65 14:06:09   -15601.835518*       0.1749
LBFGS:   66 14:06:10   -15601.852623*       0.0979
LBFGS:   67 14:06:11   -15601.840846*       0.1683
LBFGS:   68 14:06:11   -15601.857672*       0.0960
LBFGS:   69 14:06:12   -15601.836646*       0.1725
LBFGS:   70 14:06:13   -15601.864424*       0.0532
LBFGS:   71 14:06:14   -15601.849699*       0.1176
LBFGS:   72 14:06:14   -15601.852213*       0.1050
LBFGS:   73 14:06:15   -15601.841013*       0.1794
LBFGS:   74 14:06:16   -15601.858803*       0.0991
LBFGS:   75 14:06:17   -15601.839857*       0.1621
LBFGS:   76 14:06:18   -15601.865197*       0.0617
LBFGS:   77 14:06:18   -15601.852506*       0.1105
LBFGS:   78 14:06:19   -15601.854911*       0.0999
LBFGS:   79 14:06:20   -15601.841009*       0.2319
LBFGS:   80 14:06:21   -15601.860415*       0.1587
LBFGS:   81 14:06:21   -15601.855204*       0.1259
LBFGS:   82 14:06:22   -15601.872583*       0.1792
LBFGS:   83 14:06:23   -15601.880403*       0.2255
LBFGS:   84 14:06:24   -15601.862989*       0.0606
LBFGS:   85 14:06:24   -15601.850248*       0.1092
LBFGS:   86 14:06:25   -15601.852763*       0.0962
LBFGS:   87 14:06:26   -15601.814475*       0.2720
LBFGS:   88 14:06:27   -15601.823882*       0.4138
LBFGS:   89 14:06:27   -15601.820531*       0.2622
LBFGS:   90 14:06:28   -15601.823323*       0.2822
LBFGS:   91 14:06:29   -15601.815650*       0.2542
LBFGS:   92 14:06:30   -15601.807424*       0.2564
LBFGS:   93 14:06:30   -15601.737577*       0.3579
LBFGS:   94 14:06:31   -15601.647258*       0.4925
LBFGS:   95 14:06:32   -15601.803475*       0.2450
LBFGS:   96 14:06:33   -15601.842824*       0.1779
LBFGS:   97 14:06:33   -15601.863840*       0.0585
LBFGS:   98 14:06:34   -15601.838518*       0.1541
LBFGS:   99 14:06:35   -15601.850051*       0.1117
LBFGS:  100 14:06:36   -15601.839049*       0.1890
LBFGS:  101 14:06:37   -15601.858647*       0.0980
LBFGS:  102 14:06:37   -15601.839626*       0.1524
LBFGS:  103 14:06:38   -15601.864283*       0.0544
LBFGS:  104 14:06:39   -15601.850860*       0.1105
LBFGS:  105 14:06:40   -15601.853131*       0.1005
LBFGS:  106 14:06:40   -15601.841432*       0.1828
LBFGS:  107 14:06:41   -15601.858566*       0.1006
LBFGS:  108 14:06:42   -15601.841165*       0.1497
LBFGS:  109 14:06:43   -15601.864301*       0.0564
LBFGS:  110 14:06:43   -15601.852198*       0.1067
LBFGS:  111 14:06:44   -15601.865050*       0.0501
LBFGS:  112 14:06:45   -15601.865449*       0.0476
[[9.99998780e-01 2.61822515e-05 1.98761724e-01]
 [9.99997719e-01 4.99994160e-01 2.99493204e-01]
 [6.25009970e-02 2.49947585e-01 2.48856400e-01]
 [1.25001987e-01 5.12576595e-07 2.99501190e-01]
 [6.24962854e-02 7.49992782e-01 3.49711316e-01]
 [1.87496819e-01 2.50017450e-01 3.49715245e-01]
 [1.87509725e-01 7.50027211e-01 2.48858764e-01]
 [1.24894137e-01 5.00438939e-01 1.98787985e-01]
 [2.50060171e-01 9.99743820e-01 1.98759068e-01]
 [2.50000304e-01 5.00014455e-01 2.99504523e-01]
 [3.12477394e-01 2.50002776e-01 2.48857127e-01]
 [3.74995417e-01 3.60461676e-06 2.99493579e-01]
 [3.12504760e-01 7.50009088e-01 3.49717777e-01]
 [4.37494708e-01 2.49982311e-01 3.49715295e-01]
 [4.37502410e-01 7.49999588e-01 2.48855519e-01]
 [3.75102749e-01 4.99549152e-01 1.98789817e-01]
 [4.99831518e-01 6.63321078e-04 1.98771046e-01]
 [4.99993888e-01 4.99979107e-01 2.99496706e-01]
 [5.62500632e-01 2.49950779e-01 2.48857173e-01]
 [6.25002952e-01 7.76479955e-06 2.99503430e-01]
 [5.62495894e-01 7.49986560e-01 3.49710537e-01]
 [6.87496446e-01 2.50032929e-01 3.49716790e-01]
 [6.87516832e-01 7.50093305e-01 2.48859642e-01]
 [6.25055756e-01 4.99824429e-01 1.98794992e-01]
 [7.50003255e-01 9.99942678e-01 1.98737995e-01]
 [7.49997776e-01 5.00012833e-01 2.99501870e-01]
 [8.12462472e-01 2.49901437e-01 2.48857815e-01]
 [8.74992435e-01 2.99451363e-06 2.99497429e-01]
 [8.12503467e-01 7.49984701e-01 3.49718306e-01]
 [9.37496215e-01 2.50003736e-01 3.49711817e-01]
 [9.37509082e-01 7.50071678e-01 2.48855083e-01]
 [8.75040035e-01 4.99769569e-01 1.98812096e-01]
 [9.99997984e-01 9.99999511e-01 4.00183518e-01]
 [3.59581999e-07 4.99998485e-01 5.00003561e-01]
 [6.24973011e-02 2.50003360e-01 4.50430218e-01]
 [1.24997232e-01 1.08115627e-05 5.00002021e-01]
 [6.25006335e-02 7.50001977e-01 5.49795940e-01]
 [1.87499325e-01 2.49996736e-01 5.49796180e-01]
 [1.87498530e-01 7.50003434e-01 4.50436414e-01]
 [1.24998710e-01 5.00023587e-01 4.00187023e-01]
 [2.49994804e-01 9.99998288e-01 4.00186687e-01]
 [2.50000035e-01 4.99998946e-01 5.00003635e-01]
 [3.12498455e-01 2.49985321e-01 4.50434880e-01]
 [3.75000192e-01 9.99997430e-01 5.00002697e-01]
 [3.12500308e-01 7.50001768e-01 5.49796299e-01]
 [4.37499083e-01 2.49995837e-01 5.49796420e-01]
 [4.37499244e-01 7.50009619e-01 4.50431986e-01]
 [3.74998455e-01 4.99985556e-01 4.00189626e-01]
 [5.00004491e-01 2.22695215e-06 4.00185781e-01]
 [4.99997397e-01 5.00009018e-01 5.00004590e-01]
 [5.62497414e-01 2.50003618e-01 4.50436617e-01]
 [6.25000242e-01 9.99999583e-01 5.00003094e-01]
 [5.62500589e-01 7.50001808e-01 5.49796639e-01]
 [6.87499806e-01 2.49999653e-01 5.49796366e-01]
 [6.87500964e-01 7.49995589e-01 4.50433877e-01]
 [6.24993663e-01 5.00015699e-01 4.00189292e-01]
 [7.49995747e-01 9.99999847e-01 4.00183738e-01]
 [7.49999749e-01 5.00003373e-01 5.00004158e-01]
 [8.12494631e-01 2.49994339e-01 4.50434398e-01]
 [8.74999915e-01 1.95133870e-06 5.00002034e-01]
 [8.12500739e-01 7.50003383e-01 5.49796293e-01]
 [9.37499560e-01 2.49998725e-01 5.49796214e-01]
 [9.37501335e-01 7.49999225e-01 4.50433812e-01]
 [8.75000338e-01 4.99982500e-01 4.00191410e-01]
 [8.76770500e-08 9.99999727e-01 6.00238362e-01]
 [9.99999985e-01 5.00000076e-01 7.01015726e-01]
 [6.24998963e-02 2.50000248e-01 6.50419031e-01]
 [1.24999973e-01 2.65918152e-07 7.01015666e-01]
 [6.25000596e-02 7.49999891e-01 7.51052051e-01]
 [1.87499947e-01 2.49999837e-01 7.51052138e-01]
 [1.87499940e-01 7.49999754e-01 6.50419101e-01]
 [1.24999967e-01 4.99999980e-01 6.00238417e-01]
 [2.49999987e-01 9.99999984e-01 6.00238613e-01]
 [2.49999880e-01 4.99999931e-01 7.01015791e-01]
 [3.12499913e-01 2.50000448e-01 6.50419168e-01]
 [3.74999876e-01 9.99999898e-01 7.01015763e-01]
 [3.12499969e-01 7.49999758e-01 7.51052120e-01]
 [4.37499951e-01 2.49999786e-01 7.51052099e-01]
 [4.37499951e-01 7.49999720e-01 6.50419234e-01]
 [3.74999984e-01 4.99999986e-01 6.00238586e-01]
 [4.99999966e-01 9.99999966e-01 6.00238788e-01]
 [4.99999968e-01 5.00000229e-01 7.01015896e-01]
 [5.62499898e-01 2.50000241e-01 6.50419304e-01]
 [6.24999988e-01 1.05976853e-07 7.01015837e-01]
 [5.62500060e-01 7.49999886e-01 7.51052182e-01]
 [6.87500048e-01 2.50000094e-01 7.51052104e-01]
 [6.87500067e-01 7.50000226e-01 6.50419246e-01]
 [6.25000088e-01 4.99999724e-01 6.00238839e-01]
 [7.50000022e-01 1.05379817e-07 6.00238637e-01]
 [7.50000073e-01 5.00000193e-01 7.01015809e-01]
 [8.12500000e-01 2.50000271e-01 6.50419169e-01]
 [8.75000069e-01 1.60582263e-07 7.01015747e-01]
 [8.12499983e-01 7.50000525e-01 7.51052120e-01]
 [9.37500053e-01 2.50000043e-01 7.51052133e-01]
 [9.37500080e-01 7.50000191e-01 6.50419090e-01]
 [8.75000022e-01 5.00000106e-01 6.00238557e-01]]
WARNING: Potential_initialise using default init_args "Potential xml_label=GAP_2017_6_17_60_4_3_56_165"
WARNING: Potential_calc: cutoff of Atoms object (-1.0000000000000000) < Potential cutoff (5.0000000000000000) - increasing it now

Job completed at Tue 21 Apr 14:06:46 BST 2020

============================
 Job utilisation efficiency
============================

Job ID: 6980812
Cluster: viking
User/Group: fjbh500/clusterusers
State: COMPLETED (exit code 0)
Nodes: 1
Cores per node: 40
CPU Utilized: 00:32:00
CPU Efficiency: 31.58% of 01:41:20 core-walltime
Job Wall-clock time: 00:02:32
Memory Utilized: 1.02 GB
Memory Efficiency: 102.22% of 1.00 GB
 Requested wall clock time: 01:00:00
    Actual wall clock time: 00:02:32
Wall clock time efficiency: 4.2%
           Job queued time: 2-13:46:47
